# JRE version: Java(TM) SE Runtime Environment (17.0.6+9) (build 17.0.6+9-LTS-190)
# Java VM: Java HotSpot(TM) 64-Bit Server VM (17.0.6+9-LTS-190, mixed mode, sharing, tiered, compressed oops, compressed class ptrs, g1 gc, windows-amd64)
GC Precious Log:
 CPUs: 12 total, 12 available
 Memory: 8143M
 Large Page Support: Disabled
 NUMA Support: Disabled
 Compressed Oops: Enabled (32-bit)
 Heap Region Size: 1M
 Heap Min Capacity: 8M
 Heap Initial Capacity: 128M
 Heap Max Capacity: 2036M
 Pre-touch: Disabled
 Parallel Workers: 10
 Concurrent Workers: 3
 Concurrent Refinement Workers: 10
 Periodic GC: Disabled
Heap:
 garbage-first heap   total 63488K, used 34704K [0x0000000080c00000, 0x0000000100000000)
  region size 1024K, 18 young (18432K), 3 survivors (3072K)
 Metaspace       used 37627K, committed 38144K, reserved 1089536K
  class space    used 4907K, committed 5120K, reserved 1048576K
GC Heap History (20 events):
Event: 0.619 GC heap before
{Heap before GC invocations=0 (full 0):
 garbage-first heap   total 131072K, used 23552K [0x0000000080c00000, 0x0000000100000000)
  region size 1024K, 23 young (23552K), 0 survivors (0K)
 Metaspace       used 5022K, committed 5184K, reserved 1056768K
  class space    used 633K, committed 704K, reserved 1048576K
}
Event: 0.625 GC heap after
{Heap after GC invocations=1 (full 0):
 garbage-first heap   total 131072K, used 6144K [0x0000000080c00000, 0x0000000100000000)
  region size 1024K, 3 young (3072K), 3 survivors (3072K)
 Metaspace       used 5022K, committed 5184K, reserved 1056768K
  class space    used 633K, committed 704K, reserved 1048576K
}
Event: 1.244 GC heap before
{Heap before GC invocations=1 (full 0):
 garbage-first heap   total 131072K, used 34816K [0x0000000080c00000, 0x0000000100000000)
  region size 1024K, 31 young (31744K), 3 survivors (3072K)
 Metaspace       used 12099K, committed 12352K, reserved 1064960K
  class space    used 1608K, committed 1728K, reserved 1048576K
}
Event: 1.250 GC heap after
{Heap after GC invocations=2 (full 0):
 garbage-first heap   total 131072K, used 8580K [0x0000000080c00000, 0x0000000100000000)
  region size 1024K, 3 young (3072K), 3 survivors (3072K)
 Metaspace       used 12099K, committed 12352K, reserved 1064960K
  class space    used 1608K, committed 1728K, reserved 1048576K
}
Event: 1.696 GC heap before
{Heap before GC invocations=2 (full 0):
 garbage-first heap   total 131072K, used 48516K [0x0000000080c00000, 0x0000000100000000)
  region size 1024K, 44 young (45056K), 3 survivors (3072K)
 Metaspace       used 21203K, committed 21504K, reserved 1073152K
  class space    used 2680K, committed 2816K, reserved 1048576K
}
Event: 1.704 GC heap after
{Heap after GC invocations=3 (full 0):
 garbage-first heap   total 131072K, used 11994K [0x0000000080c00000, 0x0000000100000000)
  region size 1024K, 6 young (6144K), 6 survivors (6144K)
 Metaspace       used 21203K, committed 21504K, reserved 1073152K
  class space    used 2680K, committed 2816K, reserved 1048576K
}
Event: 2.048 GC heap before
{Heap before GC invocations=4 (full 0):
 garbage-first heap   total 45056K, used 32474K [0x0000000080c00000, 0x0000000100000000)
  region size 1024K, 26 young (26624K), 6 survivors (6144K)
 Metaspace       used 24279K, committed 24640K, reserved 1073152K
  class space    used 3108K, committed 3264K, reserved 1048576K
}
Event: 2.058 GC heap after
{Heap after GC invocations=5 (full 0):
 garbage-first heap   total 45056K, used 14716K [0x0000000080c00000, 0x0000000100000000)
  region size 1024K, 3 young (3072K), 3 survivors (3072K)
 Metaspace       used 24279K, committed 24640K, reserved 1073152K
  class space    used 3108K, committed 3264K, reserved 1048576K
}
Event: 2.085 GC heap before
{Heap before GC invocations=5 (full 0):
 garbage-first heap   total 45056K, used 15740K [0x0000000080c00000, 0x0000000100000000)
  region size 1024K, 4 young (4096K), 3 survivors (3072K)
 Metaspace       used 24353K, committed 24640K, reserved 1073152K
  class space    used 3120K, committed 3264K, reserved 1048576K
}
Event: 2.088 GC heap after
{Heap after GC invocations=6 (full 0):
 garbage-first heap   total 45056K, used 14967K [0x0000000080c00000, 0x0000000100000000)
  region size 1024K, 1 young (1024K), 1 survivors (1024K)
 Metaspace       used 24353K, committed 24640K, reserved 1073152K
  class space    used 3120K, committed 3264K, reserved 1048576K
}
Event: 2.413 GC heap before
{Heap before GC invocations=6 (full 0):
 garbage-first heap   total 45056K, used 32375K [0x0000000080c00000, 0x0000000100000000)
  region size 1024K, 18 young (18432K), 1 survivors (1024K)
 Metaspace       used 26152K, committed 26496K, reserved 1073152K
  class space    used 3339K, committed 3520K, reserved 1048576K
}
Event: 2.416 GC heap after
{Heap after GC invocations=7 (full 0):
 garbage-first heap   total 45056K, used 15741K [0x0000000080c00000, 0x0000000100000000)
  region size 1024K, 2 young (2048K), 2 survivors (2048K)
 Metaspace       used 26152K, committed 26496K, reserved 1073152K
  class space    used 3339K, committed 3520K, reserved 1048576K
}
Event: 2.940 GC heap before
{Heap before GC invocations=7 (full 0):
 garbage-first heap   total 45056K, used 33149K [0x0000000080c00000, 0x0000000100000000)
  region size 1024K, 19 young (19456K), 2 survivors (2048K)
 Metaspace       used 28757K, committed 29184K, reserved 1081344K
  class space    used 3732K, committed 3904K, reserved 1048576K
}
Event: 2.944 GC heap after
{Heap after GC invocations=8 (full 0):
 garbage-first heap   total 45056K, used 17268K [0x0000000080c00000, 0x0000000100000000)
  region size 1024K, 3 young (3072K), 3 survivors (3072K)
 Metaspace       used 28757K, committed 29184K, reserved 1081344K
  class space    used 3732K, committed 3904K, reserved 1048576K
}
Event: 3.331 GC heap before
{Heap before GC invocations=8 (full 0):
 garbage-first heap   total 45056K, used 32628K [0x0000000080c00000, 0x0000000100000000)
  region size 1024K, 19 young (19456K), 3 survivors (3072K)
 Metaspace       used 33058K, committed 33408K, reserved 1081344K
  class space    used 4257K, committed 4416K, reserved 1048576K
}
Event: 3.337 GC heap after
{Heap after GC invocations=9 (full 0):
 garbage-first heap   total 45056K, used 18467K [0x0000000080c00000, 0x0000000100000000)
  region size 1024K, 2 young (2048K), 2 survivors (2048K)
 Metaspace       used 33058K, committed 33408K, reserved 1081344K
  class space    used 4257K, committed 4416K, reserved 1048576K
}
Event: 3.807 GC heap before
{Heap before GC invocations=9 (full 0):
 garbage-first heap   total 45056K, used 33827K [0x0000000080c00000, 0x0000000100000000)
  region size 1024K, 17 young (17408K), 2 survivors (2048K)
 Metaspace       used 34892K, committed 35264K, reserved 1081344K
  class space    used 4511K, committed 4672K, reserved 1048576K
}
Event: 3.811 GC heap after
{Heap after GC invocations=10 (full 0):
 garbage-first heap   total 63488K, used 19968K [0x0000000080c00000, 0x0000000100000000)
  region size 1024K, 3 young (3072K), 3 survivors (3072K)
 Metaspace       used 34892K, committed 35264K, reserved 1081344K
  class space    used 4511K, committed 4672K, reserved 1048576K
}
Event: 3.907 GC heap before
{Heap before GC invocations=10 (full 0):
 garbage-first heap   total 63488K, used 23040K [0x0000000080c00000, 0x0000000100000000)
  region size 1024K, 7 young (7168K), 3 survivors (3072K)
 Metaspace       used 35541K, committed 35968K, reserved 1081344K
  class space    used 4608K, committed 4864K, reserved 1048576K
}
Event: 3.912 GC heap after
{Heap after GC invocations=11 (full 0):
 garbage-first heap   total 63488K, used 20368K [0x0000000080c00000, 0x0000000100000000)
  region size 1024K, 3 young (3072K), 3 survivors (3072K)
 Metaspace       used 35541K, committed 35968K, reserved 1081344K
  class space    used 4608K, committed 4864K, reserved 1048576K
}

